0 info it worked if it ends with ok
1 verbose cli [ '/usr/local/bin/node',
1 verbose cli   '/usr/local/bin/npm',
1 verbose cli   'install',
1 verbose cli   'node',
1 verbose cli   'mainpage.js' ]
2 info using npm@6.5.0-next.0
3 info using node@v11.6.0
4 verbose npm-session b96c95746011f5a3
5 silly install loadCurrentTree
6 silly install readLocalPackageData
7 timing stage:rollbackFailedOptional Completed in 3ms
8 timing stage:runTopLevelLifecycles Completed in 187ms
9 verbose stack Error: Failed to parse json
9 verbose stack Unexpected token } in JSON at position 91 while parsing near '...press": "4.16.4",
9 verbose stack   }
9 verbose stack }
9 verbose stack '
9 verbose stack     at parseError (/usr/local/lib/node_modules/npm/node_modules/read-package-json/read-json.js:452:11)
9 verbose stack     at parseJson (/usr/local/lib/node_modules/npm/node_modules/read-package-json/read-json.js:104:26)
9 verbose stack     at /usr/local/lib/node_modules/npm/node_modules/read-package-json/read-json.js:51:5
9 verbose stack     at /usr/local/lib/node_modules/npm/node_modules/graceful-fs/graceful-fs.js:90:16
9 verbose stack     at FSReqCallback.readFileAfterClose [as oncomplete] (internal/fs/read_file_context.js:53:3)
10 verbose cwd /node
11 verbose Linux 4.20.0-1-MANJARO
12 verbose argv "/usr/local/bin/node" "/usr/local/bin/npm" "install" "node" "mainpage.js"
13 verbose node v11.6.0
14 verbose npm  v6.5.0-next.0
15 error file /node/package.json
16 error code EJSONPARSE
17 error JSON.parse Failed to parse json
17 error JSON.parse Unexpected token } in JSON at position 91 while parsing near '...press": "4.16.4",
17 error JSON.parse   }
17 error JSON.parse }
17 error JSON.parse '
18 error JSON.parse Failed to parse package.json data.
18 error JSON.parse package.json must be actual JSON, not just JavaScript.
19 verbose exit [ 1, true ]
