0 info it worked if it ends with ok
1 verbose cli [ '/usr/local/bin/node',
1 verbose cli   '/usr/local/bin/npm',
1 verbose cli   'install',
1 verbose cli   'node',
1 verbose cli   'mainpage.js' ]
2 info using npm@6.5.0-next.0
3 info using node@v11.6.0
4 verbose npm-session fcd3e0d8fa191a78
5 silly install loadCurrentTree
6 silly install readLocalPackageData
7 http fetch GET 200 https://registry.npmjs.org/node 119ms (from cache)
8 silly pacote range manifest for node@^11.6.0 fetched in 160ms
9 http fetch GET 404 https://registry.npmjs.org/mainpage.js 1240ms
10 silly fetchPackageMetaData error for mainpage.js@latest 404 Not Found: mainpage.js@latest
11 timing stage:rollbackFailedOptional Completed in 2ms
12 timing stage:runTopLevelLifecycles Completed in 2421ms
13 verbose stack Error: 404 Not Found: mainpage.js@latest
13 verbose stack     at fetch.then.res (/usr/local/lib/node_modules/npm/node_modules/pacote/lib/fetchers/registry/fetch.js:42:19)
13 verbose stack     at tryCatcher (/usr/local/lib/node_modules/npm/node_modules/bluebird/js/release/util.js:16:23)
13 verbose stack     at Promise._settlePromiseFromHandler (/usr/local/lib/node_modules/npm/node_modules/bluebird/js/release/promise.js:512:31)
13 verbose stack     at Promise._settlePromise (/usr/local/lib/node_modules/npm/node_modules/bluebird/js/release/promise.js:569:18)
13 verbose stack     at Promise._settlePromise0 (/usr/local/lib/node_modules/npm/node_modules/bluebird/js/release/promise.js:614:10)
13 verbose stack     at Promise._settlePromises (/usr/local/lib/node_modules/npm/node_modules/bluebird/js/release/promise.js:694:18)
13 verbose stack     at _drainQueueStep (/usr/local/lib/node_modules/npm/node_modules/bluebird/js/release/async.js:138:12)
13 verbose stack     at _drainQueue (/usr/local/lib/node_modules/npm/node_modules/bluebird/js/release/async.js:131:9)
13 verbose stack     at Async._drainQueues (/usr/local/lib/node_modules/npm/node_modules/bluebird/js/release/async.js:147:5)
13 verbose stack     at Immediate.Async.drainQueues [as _onImmediate] (/usr/local/lib/node_modules/npm/node_modules/bluebird/js/release/async.js:17:14)
13 verbose stack     at processImmediate (timers.js:632:19)
14 verbose cwd /node
15 verbose Linux 4.20.0-1-MANJARO
16 verbose argv "/usr/local/bin/node" "/usr/local/bin/npm" "install" "node" "mainpage.js"
17 verbose node v11.6.0
18 verbose npm  v6.5.0-next.0
19 error code E404
20 error 404 Not Found: mainpage.js@latest
21 verbose exit [ 1, true ]
